Determining if the Q_WS_WIN exist failed with the following output:
Change Dir: /home/manu/Escritorio/ejemplos profesor/qtEjemplo1/Counter/build/CMakeFiles/CMakeTmp

Run Build Command:"/usr/bin/make" "cmTC_b0cd7/fast"
/usr/bin/make -f CMakeFiles/cmTC_b0cd7.dir/build.make CMakeFiles/cmTC_b0cd7.dir/build
make[1]: Entering directory '/home/manu/Escritorio/ejemplos profesor/qtEjemplo1/Counter/build/CMakeFiles/CMakeTmp'
Building CXX object CMakeFiles/cmTC_b0cd7.dir/CheckSymbolExists.cxx.o
/usr/bin/c++    -I/usr/include/qt4   -o CMakeFiles/cmTC_b0cd7.dir/CheckSymbolExists.cxx.o -c "/home/manu/Escritorio/ejemplos profesor/qtEjemplo1/Counter/build/CMakeFiles/CMakeTmp/CheckSymbolExists.cxx"
/home/manu/Escritorio/ejemplos profesor/qtEjemplo1/Counter/build/CMakeFiles/CMakeTmp/CheckSymbolExists.cxx: In function ‘int main(int, char**)’:
/home/manu/Escritorio/ejemplos profesor/qtEjemplo1/Counter/build/CMakeFiles/CMakeTmp/CheckSymbolExists.cxx:8:19: error: ‘Q_WS_WIN’ was not declared in this scope
   return ((int*)(&Q_WS_WIN))[argc];
                   ^
CMakeFiles/cmTC_b0cd7.dir/build.make:65: recipe for target 'CMakeFiles/cmTC_b0cd7.dir/CheckSymbolExists.cxx.o' failed
make[1]: *** [CMakeFiles/cmTC_b0cd7.dir/CheckSymbolExists.cxx.o] Error 1
make[1]: Leaving directory '/home/manu/Escritorio/ejemplos profesor/qtEjemplo1/Counter/build/CMakeFiles/CMakeTmp'
Makefile:126: recipe for target 'cmTC_b0cd7/fast' failed
make: *** [cmTC_b0cd7/fast] Error 2

File /home/manu/Escritorio/ejemplos profesor/qtEjemplo1/Counter/build/CMakeFiles/CMakeTmp/CheckSymbolExists.cxx:
/* */
#include <QtCore/qglobal.h>

int main(int argc, char** argv)
{
  (void)argv;
#ifndef Q_WS_WIN
  return ((int*)(&Q_WS_WIN))[argc];
#else
  (void)argc;
  return 0;
#endif
}

Determining if the Q_WS_QWS exist failed with the following output:
Change Dir: /home/manu/Escritorio/ejemplos profesor/qtEjemplo1/Counter/build/CMakeFiles/CMakeTmp

Run Build Command:"/usr/bin/make" "cmTC_bbe22/fast"
/usr/bin/make -f CMakeFiles/cmTC_bbe22.dir/build.make CMakeFiles/cmTC_bbe22.dir/build
make[1]: Entering directory '/home/manu/Escritorio/ejemplos profesor/qtEjemplo1/Counter/build/CMakeFiles/CMakeTmp'
Building CXX object CMakeFiles/cmTC_bbe22.dir/CheckSymbolExists.cxx.o
/usr/bin/c++    -I/usr/include/qt4   -o CMakeFiles/cmTC_bbe22.dir/CheckSymbolExists.cxx.o -c "/home/manu/Escritorio/ejemplos profesor/qtEjemplo1/Counter/build/CMakeFiles/CMakeTmp/CheckSymbolExists.cxx"
/home/manu/Escritorio/ejemplos profesor/qtEjemplo1/Counter/build/CMakeFiles/CMakeTmp/CheckSymbolExists.cxx: In function ‘int main(int, char**)’:
/home/manu/Escritorio/ejemplos profesor/qtEjemplo1/Counter/build/CMakeFiles/CMakeTmp/CheckSymbolExists.cxx:8:19: error: ‘Q_WS_QWS’ was not declared in this scope
   return ((int*)(&Q_WS_QWS))[argc];
                   ^
CMakeFiles/cmTC_bbe22.dir/build.make:65: recipe for target 'CMakeFiles/cmTC_bbe22.dir/CheckSymbolExists.cxx.o' failed
make[1]: *** [CMakeFiles/cmTC_bbe22.dir/CheckSymbolExists.cxx.o] Error 1
make[1]: Leaving directory '/home/manu/Escritorio/ejemplos profesor/qtEjemplo1/Counter/build/CMakeFiles/CMakeTmp'
Makefile:126: recipe for target 'cmTC_bbe22/fast' failed
make: *** [cmTC_bbe22/fast] Error 2

File /home/manu/Escritorio/ejemplos profesor/qtEjemplo1/Counter/build/CMakeFiles/CMakeTmp/CheckSymbolExists.cxx:
/* */
#include <QtCore/qglobal.h>

int main(int argc, char** argv)
{
  (void)argv;
#ifndef Q_WS_QWS
  return ((int*)(&Q_WS_QWS))[argc];
#else
  (void)argc;
  return 0;
#endif
}

Determining if the Q_WS_MAC exist failed with the following output:
Change Dir: /home/manu/Escritorio/ejemplos profesor/qtEjemplo1/Counter/build/CMakeFiles/CMakeTmp

Run Build Command:"/usr/bin/make" "cmTC_b887c/fast"
/usr/bin/make -f CMakeFiles/cmTC_b887c.dir/build.make CMakeFiles/cmTC_b887c.dir/build
make[1]: Entering directory '/home/manu/Escritorio/ejemplos profesor/qtEjemplo1/Counter/build/CMakeFiles/CMakeTmp'
Building CXX object CMakeFiles/cmTC_b887c.dir/CheckSymbolExists.cxx.o
/usr/bin/c++    -I/usr/include/qt4   -o CMakeFiles/cmTC_b887c.dir/CheckSymbolExists.cxx.o -c "/home/manu/Escritorio/ejemplos profesor/qtEjemplo1/Counter/build/CMakeFiles/CMakeTmp/CheckSymbolExists.cxx"
/home/manu/Escritorio/ejemplos profesor/qtEjemplo1/Counter/build/CMakeFiles/CMakeTmp/CheckSymbolExists.cxx: In function ‘int main(int, char**)’:
/home/manu/Escritorio/ejemplos profesor/qtEjemplo1/Counter/build/CMakeFiles/CMakeTmp/CheckSymbolExists.cxx:8:19: error: ‘Q_WS_MAC’ was not declared in this scope
   return ((int*)(&Q_WS_MAC))[argc];
                   ^
CMakeFiles/cmTC_b887c.dir/build.make:65: recipe for target 'CMakeFiles/cmTC_b887c.dir/CheckSymbolExists.cxx.o' failed
make[1]: *** [CMakeFiles/cmTC_b887c.dir/CheckSymbolExists.cxx.o] Error 1
make[1]: Leaving directory '/home/manu/Escritorio/ejemplos profesor/qtEjemplo1/Counter/build/CMakeFiles/CMakeTmp'
Makefile:126: recipe for target 'cmTC_b887c/fast' failed
make: *** [cmTC_b887c/fast] Error 2

File /home/manu/Escritorio/ejemplos profesor/qtEjemplo1/Counter/build/CMakeFiles/CMakeTmp/CheckSymbolExists.cxx:
/* */
#include <QtCore/qglobal.h>

int main(int argc, char** argv)
{
  (void)argv;
#ifndef Q_WS_MAC
  return ((int*)(&Q_WS_MAC))[argc];
#else
  (void)argc;
  return 0;
#endif
}

